NETWORK TRAFFIC FLOW EXPLORATORY ANALYSIS
Analysis Type: 4A-NETWORK-FLOWS
Generated: 2026-04-21 07:25:23
Target File: ds-logs-network_traffic-flow-default-run-01.jsonl
================================================================================


================================================================================
SECTION 3: INITIAL DATA LOADING AND LINE COUNT
================================================================================

📈 Total records in dataset: 569,443
🎯 Sampling strategy: Will analyze 200000 random samples

------------------------------------------------------------ END SECTION ------------------------------------------------------------


================================================================================
SECTION 6: BASIC DATA STRUCTURE ANALYSIS
================================================================================

📋 BASIC DATA STRUCTURE ANALYSIS
==================================================
🔍 Data type: <class 'dict'>
📏 Number of top-level fields: 12
🗝️  Top-level fields:
    1. process                        (dict)
    2. agent                          (dict)
    3. destination                    (dict)
    4. elastic_agent                  (dict)
    5. network_traffic                (dict)
    6. source                         (dict)
    7. network                        (dict)
    8. @timestamp                     (str)
    9. ecs                            (dict)
   10. data_stream                    (dict)
   11. host                           (dict)
   12. event                          (dict)
📄 Complete first sample structure:
------------------------------
{'@timestamp': '2025-03-19T06:12:20.121Z',
 'agent': {'ephemeral_id': 'ed317a15-41a9-45c4-b607-a579c632cb34',
           'id': '98c1577f-4ccd-4f57-92fd-d61d4957e6c3',
           'name': 'diskjockey',
           'type': 'packetbeat',
           'version': '8.17.0'},
 'data_stream': {'dataset': 'network_traffic.flow', 'namespace': 'default', 'type': 'logs'},
 'destination': {'bytes': 162,
                 'ip': '10.1.0.4',
                 'mac': '08-00-27-B1-0A-06',
                 'packets': 1,
                 'port': 123,
                 'process': {'args': [...],
                             'executable': 'C:\\Windows\\System32\\svchost.exe',
                             'name': 'svchost.exe',
                             'pid': 380,
                             'ppid': 592,
                             'start': '2025-03-19T14:04:16.907Z',
                             'working_directory': ''}},
 'ecs': {'version': '8.11.0'},
 'elastic_agent': {'id': '98c1577f-4ccd-4f57-92fd-d61d4957e6c3',
                   'snapshot': False,
                   'version': '8.17.0'},
 'event': {'action': 'network_flow',
           'agent_id_status': 'verified',
           'category': ['network'],
           'duration': 0,
           'end': '2025-03-19T06:11:20.929Z',
           'ingested': '2025-03-19T06:12:33Z',
           'kind': 'event',
           'start': '2025-03-19T06:11:20.929Z',
           'type': ['connection', 'end']},
 'host': {'architecture': 'x86_64',
          'hostname': 'diskjockey',
          'id': '2d5a9c51-f2ee-461b-9b57-ca04724e4e2f',
          'ip': ['fe80::e982:6a9c:29e3:b4c9', '10.1.0.4'],
          'mac': ['08-00-27-B1-0A-06'],
          'name': 'diskjockey',
          'os': {'build': '17763.3650',
                 'family': 'windows',
                 'kernel': '10.0.17763.3650 (WinBuild.160101.0800)',
                 'name': 'Windows Server 2019 Datacenter Evaluation',
                 'platform': 'windows',
                 'type': 'windows',
                 'version': '10.0'}},
 'network': {'bytes': 324,
             'community_id': '1:oV4NZBbe8LDnUyQgq+a/zgO7oMc=',
             'packets': 2,
             'transport': 'udp',
             'type': 'ipv4'},
 'network_traffic': {'flow': {'final': True,
                              'id': 'EQIA////DP////8U//8BAAEIACexCgYIACfdmCwKAQAECgEABnsAewA'}},
 'process': {'args': ['C:\\Windows\\system32\\svchost.exe', '-k', 'LocalService'],
             'executable': 'C:\\Windows\\System32\\svchost.exe',
             'name': 'svchost.exe',
             'parent': {'pid': 592},
             'pid': 380,
             'start': '2025-03-19T14:04:16.907Z',
             'working_directory': ''},
 'source': {'bytes': 162, 'ip': '10.1.0.6', 'mac': '08-00-27-DD-98-2C', 'packets': 1, 'port': 123}}
💾 Saved data structure: Complete First Sample Structure

------------------------------------------------------------ END SECTION ------------------------------------------------------------


================================================================================
SECTION 7: FIELD DISTRIBUTION ANALYSIS
================================================================================

📊 FIELD DISTRIBUTION ANALYSIS
==================================================
📈 Field frequency analysis (200000 samples):
Field Name                     Count    Percentage   Primary Type   
----------------------------------------------------------------------
agent                          200000     100.0%     dict           
destination                    200000     100.0%     dict           
elastic_agent                  200000     100.0%     dict           
network_traffic                200000     100.0%     dict           
source                         200000     100.0%     dict           
network                        200000     100.0%     dict           
@timestamp                     200000     100.0%     str            
ecs                            200000     100.0%     dict           
data_stream                    200000     100.0%     dict           
host                           200000     100.0%     dict           
event                          200000     100.0%     dict           
process                        98006       49.0%     dict           
✅ Always present fields (11):
   - agent
   - destination
   - elastic_agent
   - network_traffic
   - source
   - network
   - @timestamp
   - ecs
   - data_stream
   - host
   - event
❓ Optional fields (1):
   - process                        (present in 49.0% of samples)
💾 Saved data structure: Field Distribution Analysis Results

------------------------------------------------------------ END SECTION ------------------------------------------------------------


================================================================================
SECTION 9: NESTED STRUCTURE DEEP DIVE
================================================================================

🗂️  NESTED STRUCTURE DEEP DIVE
==================================================
✓ Analyzed sample 1/10
✓ Analyzed sample 2/10
✓ Analyzed sample 3/10
✓ Analyzed sample 4/10
✓ Analyzed sample 5/10
✓ Analyzed sample 6/10
✓ Analyzed sample 7/10
✓ Analyzed sample 8/10
✓ Analyzed sample 9/10
✓ Analyzed sample 10/10
📋 Complete field hierarchy (96 unique paths):
------------------------------------------------------------
🌳 @timestamp:
  ├─ @timestamp (str)
🌳 agent:
  ├─ agent (dict)
    ├─ ephemeral_id (str)
    ├─ id (str)
    ├─ name (str)
    ├─ type (str)
    ├─ version (str)
🌳 data_stream:
  ├─ data_stream (dict)
    ├─ dataset (str)
    ├─ namespace (str)
    ├─ type (str)
🌳 destination:
  ├─ destination (dict)
    ├─ bytes (int)
    ├─ ip (str)
    ├─ mac (str)
    ├─ packets (int)
    ├─ port (int)
    ├─ process (dict)
      ├─ args (list)
      ├─ args[0] (str)
      ├─ executable (str)
      ├─ name (str)
      ├─ pid (int)
      ├─ ppid (int)
      ├─ start (str)
      ├─ working_directory (str)
🌳 ecs:
  ├─ ecs (dict)
    ├─ version (str)
🌳 elastic_agent:
  ├─ elastic_agent (dict)
    ├─ id (str)
    ├─ snapshot (bool)
    ├─ version (str)
🌳 event:
  ├─ event (dict)
    ├─ action (str)
    ├─ agent_id_status (str)
    ├─ category (list)
    ├─ category[0] (str)
    ├─ duration (int)
    ├─ end (str)
    ├─ ingested (str)
    ├─ kind (str)
    ├─ start (str)
    ├─ type (list)
    ├─ type[0] (str)
🌳 host:
  ├─ host (dict)
    ├─ architecture (str)
    ├─ hostname (str)
    ├─ id (str)
    ├─ ip (list)
    ├─ ip[0] (str)
    ├─ mac (list)
    ├─ mac[0] (str)
    ├─ name (str)
    ├─ os (dict)
      ├─ build (str)
      ├─ family (str)
      ├─ kernel (str)
      ├─ name (str)
      ├─ platform (str)
      ├─ type (str)
      ├─ version (str)
🌳 network:
  ├─ network (dict)
    ├─ bytes (int)
    ├─ community_id (str)
    ├─ packets (int)
    ├─ transport (str)
    ├─ type (str)
🌳 network_traffic:
  ├─ network_traffic (dict)
    ├─ flow (dict)
      ├─ final (bool)
      ├─ id (str)
🌳 process:
  ├─ process (dict)
    ├─ args (list)
    ├─ args[0] (str)
    ├─ executable (str)
    ├─ name (str)
    ├─ parent (dict)
      ├─ pid (int)
    ├─ pid (int)
    ├─ start (str)
    ├─ working_directory (str)
🌳 source:
  ├─ source (dict)
    ├─ bytes (int)
    ├─ ip (str)
    ├─ mac (str)
    ├─ packets (int)
    ├─ port (int)
    ├─ process (dict)
      ├─ args (list)
      ├─ args[0] (str)
      ├─ executable (str)
      ├─ name (str)
      ├─ pid (int)
      ├─ ppid (int)
      ├─ start (str)
      ├─ working_directory (str)
💾 Saved data structure: Complete Field Hierarchy Analysis

------------------------------------------------------------ END SECTION ------------------------------------------------------------


================================================================================
SECTION 11: SAMPLE RECORD DISPLAY
================================================================================

📄 SAMPLE RECORD DISPLAY
==================================================
Sample Record #1:
----------------------------------------
💾 Saved data structure: Sample Record #1
🏗️  process:
      args: ['C:\\Windows\\system32\\svchost.exe', '-k', 'LocalService']
      parent: {'pid': 592}
      start: 2025-03-19T14:04:16.907Z
      name: svchost.exe
      working_directory: 
      pid: 380
      executable: C:\Windows\System32\svchost.exe
🏗️  agent:
      name: diskjockey
      id: 98c1577f-4ccd-4f57-92fd-d61d4957e6c3
      type: packetbeat
      ephemeral_id: ed317a15-41a9-45c4-b607-a579c632cb34
      version: 8.17.0
🏗️  destination:
      process: {'args': ['C:\\Windows\\system32\\svchost.exe', '-k', 'LocalService'], 'start': '2025-03-19T14:04:16...
      port: 123
      bytes: 162
      ip: 10.1.0.4
      mac: 08-00-27-B1-0A-06
      packets: 1
🏗️  elastic_agent:
      id: 98c1577f-4ccd-4f57-92fd-d61d4957e6c3
      version: 8.17.0
      snapshot: False
🏗️  network_traffic:
      flow: {'final': True, 'id': 'EQIA////DP////8U//8BAAEIACexCgYIACfdmCwKAQAECgEABnsAewA'}
🏗️  source:
      port: 123
      bytes: 162
      ip: 10.1.0.6
      mac: 08-00-27-DD-98-2C
      packets: 1
🏗️  network:
      community_id: 1:oV4NZBbe8LDnUyQgq+a/zgO7oMc=
      bytes: 324
      transport: udp
      type: ipv4
      packets: 2
📝 @timestamp: 2025-03-19T06:12:20.121Z
🏗️  ecs:
      version: 8.11.0
🏗️  data_stream:
      namespace: default
      type: logs
      dataset: network_traffic.flow
🏗️  host:
      hostname: diskjockey
      os: {'build': '17763.3650', 'kernel': '10.0.17763.3650 (WinBuild.160101.0800)', 'name': 'Windows Server ...
      ip: ['fe80::e982:6a9c:29e3:b4c9', '10.1.0.4']
      name: diskjockey
      id: 2d5a9c51-f2ee-461b-9b57-ca04724e4e2f
      mac: ['08-00-27-B1-0A-06']
      architecture: x86_64
🏗️  event:
      duration: 0
      agent_id_status: verified
      ingested: 2025-03-19T06:12:33Z
      kind: event
      start: 2025-03-19T06:11:20.929Z
      action: network_flow
      end: 2025-03-19T06:11:20.929Z
      type: ['connection', 'end']
      category: ['network']

Sample Record #2:
----------------------------------------
💾 Saved data structure: Sample Record #2
🏗️  agent:
      name: theblock
      id: 6aa57678-de93-4ea9-80ac-5283f3afdadb
      type: packetbeat
      ephemeral_id: 49e93512-76fd-4b03-9f40-37bb48c78cc1
      version: 8.17.1
🏗️  destination:
      port: 9200
      bytes: 4640
      ip: 192.168.1.104
      mac: 08-00-27-26-33-A5
      packets: 12
🏗️  elastic_agent:
      id: 6aa57678-de93-4ea9-80ac-5283f3afdadb
      version: 8.17.1
      snapshot: False
🏗️  network_traffic:
      flow: {'final': True, 'id': 'EQQA////DP//////FP8BAAEIACcmM6UIACf34ADAqAFoCgEABfAj2sU'}
🏗️  source:
      port: 50650
      bytes: 3011
      ip: 10.1.0.5
      mac: 08-00-27-F7-E0-00
      packets: 14
🏗️  network:
      community_id: 1:os64emDMXDN9UpSQNlai+S9sTN4=
      bytes: 7651
      transport: tcp
      type: ipv4
      packets: 26
📝 @timestamp: 2025-03-19T05:44:08.027Z
🏗️  ecs:
      version: 8.11.0
🏗️  data_stream:
      namespace: default
      type: logs
      dataset: network_traffic.flow
🏗️  host:
      hostname: theblock
      os: {'build': '19045.5608', 'kernel': '10.0.19041.5607 (WinBuild.160101.0800)', 'name': 'Windows 10 Pro'...
      ip: ['fe80::f92b:28da:7976:fd5a', '10.1.0.5']
      name: theblock
      id: 4a85d404-1ca6-4bc8-be11-366e23f2265d
      mac: ['08-00-27-F7-E0-00']
      architecture: x86_64
🏗️  event:
      duration: 3790290800
      agent_id_status: verified
      ingested: 2025-03-19T05:44:19Z
      kind: event
      start: 2025-03-19T05:43:05.510Z
      action: network_flow
      end: 2025-03-19T05:43:09.300Z
      category: ['network']
      type: ['connection', 'end']

Sample Record #3:
----------------------------------------
💾 Saved data structure: Sample Record #3
🏗️  agent:
      name: endofroad
      id: 2ce2f415-51dd-443b-a25d-f2c89c3c277c
      type: packetbeat
      ephemeral_id: 935d21f1-5efd-463b-aae8-adc1847f801f
      version: 8.17.0
🏗️  destination:
      port: 9200
      bytes: 10525
      ip: 192.168.1.104
      mac: 08-00-27-26-33-A5
      packets: 55
🏗️  elastic_agent:
      id: 2ce2f415-51dd-443b-a25d-f2c89c3c277c
      version: 8.17.0
      snapshot: False
🏗️  network_traffic:
      flow: {'final': False, 'id': 'EQQA////DP//////FP8BAAEIACcmM6UIACdpM7DAqAFoCgEAB/Aj88I'}
🏗️  source:
      port: 49907
      bytes: 146702
      ip: 10.1.0.7
      packets: 73
      mac: 08-00-27-69-33-B0
🏗️  network:
      community_id: 1:x5uvqIb1lUMsxWEJpmu5cNlhvOo=
      bytes: 157227
      transport: tcp
      type: ipv4
      packets: 128
📝 @timestamp: 2025-03-19T05:01:47.451Z
🏗️  ecs:
      version: 8.11.0
🏗️  data_stream:
      namespace: default
      type: logs
      dataset: network_traffic.flow
🏗️  host:
      hostname: endofroad
      os: {'build': '17763.3650', 'kernel': '10.0.17763.3650 (WinBuild.160101.0800)', 'name': 'Windows Server ...
      ip: ['fe80::2d19:1a31:4df7:129c', '10.1.0.7']
      name: endofroad
      id: 44d66c27-3678-4fe6-b19c-35065c1ca0d1
      mac: ['08-00-27-69-33-B0']
      architecture: x86_64
🏗️  event:
      duration: 4546768000
      agent_id_status: verified
      ingested: 2025-03-19T05:01:58Z
      kind: event
      start: 2025-03-19T05:01:19.105Z
      action: network_flow
      end: 2025-03-19T05:01:23.652Z
      category: ['network']
      type: ['connection']


------------------------------------------------------------ END SECTION ------------------------------------------------------------


================================================================================
SECTION 12: ANALYSIS SUMMARY AND RECOMMENDATIONS
================================================================================

📊 ANALYSIS SUMMARY AND RECOMMENDATIONS
============================================================
🔍 DATASET CHARACTERISTICS:
   • Total records in file: ~569,443
   • Samples analyzed: 200000
   • Total unique fields: 12
   • Always present fields: 11
   • Optional fields: 1
💡 PROCESSING RECOMMENDATIONS:
   🧠 Memory Management:
      - Use batch processing for large dataset (569,443 records)
      - Consider chunked reading with pandas or custom iterator
      - Implement progress tracking for long operations
   🏗️  Complex Field Handling:
      - process: Flatten nested structure or extract key fields
      - agent: Flatten nested structure or extract key fields
      - destination: Flatten nested structure or extract key fields
      - elastic_agent: Flatten nested structure or extract key fields
      - network_traffic: Flatten nested structure or extract key fields
      - source: Flatten nested structure or extract key fields
      - network: Flatten nested structure or extract key fields
      - ecs: Flatten nested structure or extract key fields
      - data_stream: Flatten nested structure or extract key fields
      - host: Flatten nested structure or extract key fields
      - event: Flatten nested structure or extract key fields
   📄 CSV Conversion Strategy:
      - Include all 11 always-present fields
      - Handle 1 optional fields with default values
      - Implement error logging for malformed records
      - Use appropriate data types for each field
✅ NEXT STEPS:
   1. Review findings above
   2. Update notebook #3 with optimized processing logic
   3. Implement batch processing for memory efficiency
   4. Add comprehensive error handling and logging
   5. Test with full dataset after validation
🎯 Ready to proceed to notebook #3 optimization!
💾 Saved data structure: Complete Analysis Summary

------------------------------------------------------------ END SECTION ------------------------------------------------------------

