[2026-05-05 04:35:28] === Sysmon CSV migration started ===
[2026-05-05 04:35:28] SRC: /home/researcher/Research/phd-thesis/fullapt2025/dataset
[2026-05-05 04:35:28] DST: /home/researcher/Research/phd-thesis/curso2026/dataset
[2026-05-05 04:35:29] [EXISTS-MISMATCH] run-01-apt-1/02_sysmon-run-01.csv: destination differs from source — manual review needed
[2026-05-05 04:35:29] [COPY] run-02-apt-1/02_sysmon-run-02.csv ...
[2026-05-05 04:35:29] [OK] run-02-apt-1/02_sysmon-run-02.csv: copy verified (MD5: aad61ec7f50426c1a65ab531b6345359)
[2026-05-05 04:35:29] [COPY] run-03-apt-1/02_sysmon-run-03.csv ...
[2026-05-05 04:35:29] [OK] run-03-apt-1/02_sysmon-run-03.csv: copy verified (MD5: 1c0f7d5e293ec9415b9419626a9f5c15)
[2026-05-05 04:35:29] [COPY] run-04-apt-1/02_sysmon-run-04.csv ...
[2026-05-05 04:35:29] [OK] run-04-apt-1/02_sysmon-run-04.csv: copy verified (MD5: 13009ae5e4d0b6027c6cb8f8539518f6)
[2026-05-05 04:35:29] [COPY] run-05-apt-1/02_sysmon-run-05.csv ...
[2026-05-05 04:35:31] [OK] run-05-apt-1/02_sysmon-run-05.csv: copy verified (MD5: a8f4dbe584df3860e243741538fb0949)
[2026-05-05 04:35:31] [COPY] run-06-apt-1/02_sysmon-run-06.csv ...
[2026-05-05 04:35:32] [OK] run-06-apt-1/02_sysmon-run-06.csv: copy verified (MD5: 5a68aa1325bcd3b3ec37ae563f6ccded)
[2026-05-05 04:35:32] [COPY] run-07-apt-1/02_sysmon-run-07.csv ...
[2026-05-05 04:35:33] [OK] run-07-apt-1/02_sysmon-run-07.csv: copy verified (MD5: a5c7e0b2c3c6bc52f8e777c0a7abf085)
[2026-05-05 04:35:33] [COPY] run-08-apt-1/02_sysmon-run-08.csv ...
[2026-05-05 04:35:33] [OK] run-08-apt-1/02_sysmon-run-08.csv: copy verified (MD5: 706e5440911db981896f0ffaad410e1e)
[2026-05-05 04:35:33] [COPY] run-09-apt-1/02_sysmon-run-09.csv ...
[2026-05-05 04:35:33] [OK] run-09-apt-1/02_sysmon-run-09.csv: copy verified (MD5: 01c601d506a4c0a45e7a70820a48f98f)
[2026-05-05 04:35:33] [COPY] run-10-apt-1/02_sysmon-run-10.csv ...
[2026-05-05 04:35:34] [OK] run-10-apt-1/02_sysmon-run-10.csv: copy verified (MD5: 183974bcf4e9a84eb5bfc5a07372090f)
[2026-05-05 04:35:34] [COPY] run-11-apt-1/02_sysmon-run-11.csv ...
[2026-05-05 04:35:34] [OK] run-11-apt-1/02_sysmon-run-11.csv: copy verified (MD5: ff0ce2996d75472889118c08199d29de)
[2026-05-05 04:35:34] [COPY] run-12-apt-1/02_sysmon-run-12.csv ...
[2026-05-05 04:35:34] [OK] run-12-apt-1/02_sysmon-run-12.csv: copy verified (MD5: f23c4ae17a673e2b8be0bdebdd8348a1)
[2026-05-05 04:35:34] [COPY] run-13-apt-1/02_sysmon-run-13.csv ...
[2026-05-05 04:35:35] [OK] run-13-apt-1/02_sysmon-run-13.csv: copy verified (MD5: c93ae51b78f9f1d945579e1ca0557ec5)
[2026-05-05 04:35:35] [COPY] run-14-apt-1/02_sysmon-run-14.csv ...
[2026-05-05 04:35:35] [OK] run-14-apt-1/02_sysmon-run-14.csv: copy verified (MD5: 0683c08600b358bf58f7629b98c7764a)
[2026-05-05 04:35:35] [SKIP] run-15-apt-1: no 02_sysmon CSV found
[2026-05-05 04:35:35] [COPY] run-16-apt-1/02_sysmon-run-16.csv ...
[2026-05-05 04:35:36] [OK] run-16-apt-1/02_sysmon-run-16.csv: copy verified (MD5: 98f8fea6e581aac43ce66ab4bd3f7757)
[2026-05-05 04:35:36] [COPY] run-17-apt-1/02_sysmon-run-17.csv ...
[2026-05-05 04:35:36] [OK] run-17-apt-1/02_sysmon-run-17.csv: copy verified (MD5: c8b5d96b36f119f16c5eb41f0299fef5)
[2026-05-05 04:35:36] [COPY] run-18-apt-1/02_sysmon-run-18.csv ...
[2026-05-05 04:35:36] [OK] run-18-apt-1/02_sysmon-run-18.csv: copy verified (MD5: 68bd01432cca07a20ddd73e6deb683ef)
[2026-05-05 04:35:36] [SKIP] run-19-apt-2: no 02_sysmon CSV found
[2026-05-05 04:35:36] [COPY] run-20-apt-2/02_sysmon-run-20.csv ...
[2026-05-05 04:35:38] [OK] run-20-apt-2/02_sysmon-run-20.csv: copy verified (MD5: 8f8f1fdb9d02a5e8ae19cb763dae31c9)
[2026-05-05 04:35:38] [COPY] run-21-apt-2/02_sysmon-run-21.csv ...
[2026-05-05 04:35:39] [OK] run-21-apt-2/02_sysmon-run-21.csv: copy verified (MD5: fa5ff4bcecb6684460f37c66c985d9c8)
[2026-05-05 04:35:39] [COPY] run-22-apt-2/02_sysmon-run-22.csv ...
[2026-05-05 04:35:39] [OK] run-22-apt-2/02_sysmon-run-22.csv: copy verified (MD5: 84ea0530d2a8ba597d4c65260c775558)
[2026-05-05 04:35:39] [COPY] run-23-apt-2/02_sysmon-run-23.csv ...
[2026-05-05 04:35:40] [OK] run-23-apt-2/02_sysmon-run-23.csv: copy verified (MD5: 891c061083c42939eb8873891a83f744)
[2026-05-05 04:35:40] [COPY] run-24-apt-2/02_sysmon-run-24.csv ...
[2026-05-05 04:35:40] [OK] run-24-apt-2/02_sysmon-run-24.csv: copy verified (MD5: 96d8d47e016fd0790fae70f098f6c522)
[2026-05-05 04:35:40] [COPY] run-25-apt-2/02_sysmon-run-25.csv ...
[2026-05-05 04:35:41] [OK] run-25-apt-2/02_sysmon-run-25.csv: copy verified (MD5: a4660bbeda69f27ddef2a8644fdb36ce)
[2026-05-05 04:35:41] [COPY] run-26-apt-2/02_sysmon-run-26.csv ...
[2026-05-05 04:35:42] [OK] run-26-apt-2/02_sysmon-run-26.csv: copy verified (MD5: ca9e6db85141d99ad7b4473f9ff542e6)
[2026-05-05 04:35:42] [COPY] run-27-apt-2/02_sysmon-run-27.csv ...
[2026-05-05 04:35:42] [OK] run-27-apt-2/02_sysmon-run-27.csv: copy verified (MD5: 0353d113d392c7803c46196713b7963e)
[2026-05-05 04:35:42] [COPY] run-28-apt-3/02_sysmon-run-28.csv ...
[2026-05-05 04:35:43] [OK] run-28-apt-3/02_sysmon-run-28.csv: copy verified (MD5: 7b3d6b96c2a6f99d0c59bcf4979f161c)
[2026-05-05 04:35:43] [COPY] run-29-apt-3/02_sysmon-run-29.csv ...
[2026-05-05 04:35:43] [OK] run-29-apt-3/02_sysmon-run-29.csv: copy verified (MD5: 7e8bb1ac5c462ffe7d8b6017a4905289)
[2026-05-05 04:35:43] [COPY] run-30-apt-3/02_sysmon-run-30.csv ...
[2026-05-05 04:35:44] [OK] run-30-apt-3/02_sysmon-run-30.csv: copy verified (MD5: e007d6d27b51cc43442e4838a71171e8)
[2026-05-05 04:35:44] [COPY] run-31-apt-3/02_sysmon-run-31.csv ...
[2026-05-05 04:35:44] [OK] run-31-apt-3/02_sysmon-run-31.csv: copy verified (MD5: ad6c4771d6d681839ba2d4fb384f7dbd)
[2026-05-05 04:35:44] [COPY] run-32-apt-3/02_sysmon-run-32.csv ...
[2026-05-05 04:35:44] [OK] run-32-apt-3/02_sysmon-run-32.csv: copy verified (MD5: 9d1698e8bbdcb02afda766f1f60bfb16)
[2026-05-05 04:35:44] [COPY] run-33-apt-3/02_sysmon-run-33.csv ...
[2026-05-05 04:35:44] [OK] run-33-apt-3/02_sysmon-run-33.csv: copy verified (MD5: 18f2bc52fcabbe3a0fb343b749402c69)
[2026-05-05 04:35:44] [COPY] run-34-apt-3/02_sysmon-run-34.csv ...
[2026-05-05 04:35:45] [OK] run-34-apt-3/02_sysmon-run-34.csv: copy verified (MD5: a7afacbb1bef8e0557fcc4f324d14e6c)
[2026-05-05 04:35:45] [COPY] run-35-apt-3/02_sysmon-run-35.csv ...
[2026-05-05 04:35:46] [OK] run-35-apt-3/02_sysmon-run-35.csv: copy verified (MD5: 0434231db25799584b4fdb0b008fae5c)
[2026-05-05 04:35:46] [COPY] run-36-apt-4/02_sysmon-run-36.csv ...
[2026-05-05 04:35:46] [OK] run-36-apt-4/02_sysmon-run-36.csv: copy verified (MD5: 5a2b2e35ba23433183467c7e8586671f)
[2026-05-05 04:35:46] [COPY] run-37-apt-4/02_sysmon-run-37.csv ...
[2026-05-05 04:35:47] [OK] run-37-apt-4/02_sysmon-run-37.csv: copy verified (MD5: 4d2e2c7540947b3e433c4dbea0f744ea)
[2026-05-05 04:35:47] [COPY] run-38-apt-4/02_sysmon-run-38.csv ...
[2026-05-05 04:35:48] [OK] run-38-apt-4/02_sysmon-run-38.csv: copy verified (MD5: 2f1038ec493ed8658b1692f0c80b7088)
[2026-05-05 04:35:48] [COPY] run-39-apt-4/02_sysmon-run-39.csv ...
[2026-05-05 04:35:49] [OK] run-39-apt-4/02_sysmon-run-39.csv: copy verified (MD5: 501f4e381d83b32feff3e7e9b0168009)
[2026-05-05 04:35:49] [COPY] run-40-apt-4/02_sysmon-run-40.csv ...
[2026-05-05 04:35:50] [OK] run-40-apt-4/02_sysmon-run-40.csv: copy verified (MD5: d388b545f17c98de52ca3c735a65efca)
[2026-05-05 04:35:50] [SKIP] run-41-apt-4: no 02_sysmon CSV found
[2026-05-05 04:35:50] [SKIP] run-42-apt-5: no 02_sysmon CSV found
[2026-05-05 04:35:50] [SKIP] run-43-apt-5: no 02_sysmon CSV found
[2026-05-05 04:35:50] [SKIP] run-44-apt-5: no 02_sysmon CSV found
[2026-05-05 04:35:50] [SKIP] run-45-apt-6: no 02_sysmon CSV found
[2026-05-05 04:35:50] [SKIP] run-46-apt-6: no 02_sysmon CSV found
[2026-05-05 04:35:50] [SKIP] run-47-apt-6: no 02_sysmon CSV found
[2026-05-05 04:35:50] [SKIP] run-48-apt-6: no 02_sysmon CSV found
[2026-05-05 04:35:50] === Migration complete ===
[2026-05-05 04:35:50]   Copied & verified : 37
[2026-05-05 04:35:50]   Already present   : 0
[2026-05-05 04:35:50]   Skipped (no CSV)  : 10
[2026-05-05 04:35:50]   Errors            : 1
